已經開始建置於 2017/1/13 下午 03:27:12。
     1>節點 2 (Build 目標) 上的專案 "C:\Users\USER\Desktop\C_finalproject\Project1\Project1\Project1.vcxproj"。
     1>C:\Program Files\MSBuild\Microsoft.Cpp\v4.0\V120\Microsoft.CppBuild.targets(356,5): warning MSB8004: Intermediate Directory does not end with a trailing slash.  This build instance will add the slash as it is required to allow proper evaluation of the Intermediate Directory.
     1>C:\Program Files\MSBuild\Microsoft.Cpp\v4.0\V120\Microsoft.CppBuild.targets(357,5): warning MSB8004: Output Directory does not end with a trailing slash.  This build instance will add the slash as it is required to allow proper evaluation of the Output Directory.
     1>ClCompile:
         C:\Program Files\Microsoft Visual Studio 12.0\VC\bin\CL.exe /c /IC:\Users\USER\Desktop\C_finalproject\include /ZI /nologo /W3 /WX- /sdl /Od /Oy- /D _MBCS /Gm /EHsc /RTC1 /MDd /GS /fp:precise /Zc:wchar_t /Zc:forScope /Fo"..\..\temp\debug\\" /Fd"..\..\temp\debug\vc120.pdb" /Gd /TC /analyze- /errorReport:prompt ..\..\source\bingo.c ..\..\source\dice.c ..\..\source\main.c ..\..\source\OOXX.c ..\..\source\samsam.c
         samsam.c
     1>c:\users\user\desktop\c_finalproject\source\samsam.c(15): warning C4244: '函式' : 將 'time_t' 轉換為 'unsigned int'，由於類型不同，可能導致資料遺失
     1>c:\users\user\desktop\c_finalproject\source\samsam.c(10): warning C4101: 'start' : 未參考的區域變數
         OOXX.c
         main.c
     1>c:\users\user\desktop\c_finalproject\source\main.c(24): warning C4013: 'slotmachinebyjinster' 未定義; 假設 extern 傳回整數
         dice.c
     1>c:\users\user\desktop\c_finalproject\source\dice.c(36): warning C4047: '>' : 'int' 與 'int *' 間接取值的層級不同
         bingo.c
     1>c:\users\user\desktop\c_finalproject\source\bingo.c(13): warning C4244: '函式' : 將 'time_t' 轉換為 'unsigned int'，由於類型不同，可能導致資料遺失
         正在產生程式碼...
       Link:
         C:\Program Files\Microsoft Visual Studio 12.0\VC\bin\link.exe /ERRORREPORT:PROMPT /OUT:"..\..\temp\debug\Project1.exe" /INCREMENTAL /NOLOGO kernel32.lib user32.lib gdi32.lib winspool.lib comdlg32.lib advapi32.lib shell32.lib ole32.lib oleaut32.lib uuid.lib odbc32.lib odbccp32.lib /MANIFEST /MANIFESTUAC:"level='asInvoker' uiAccess='false'" /manifest:embed /DEBUG /PDB:"..\..\temp\debug\Project1.pdb" /TLBID:1 /DYNAMICBASE /NXCOMPAT /IMPLIB:"..\..\temp\debug\Project1.lib" /MACHINE:X86 ..\..\temp\debug\bingo.obj
         ..\..\temp\debug\dice.obj
         ..\..\temp\debug\main.obj
         ..\..\temp\debug\OOXX.obj
         ..\..\temp\debug\samsam.obj
         Project1.vcxproj -> C:\Users\USER\Desktop\C_finalproject\Project1\Project1\..\..\temp\debug\Project1.exe
     1>專案 "C:\Users\USER\Desktop\C_finalproject\Project1\Project1\Project1.vcxproj" (Build 目標) 建置完成。

建置成功。

經過時間 00:00:00.71
